# Logfile created on 2017-01-22 20:38:29 +0100 by logger.rb/54362
D, [2017-01-22T20:38:29.156380 #2707] DEBUG -- : DRAGONFLY: shell command: 'identify' '-ping' '-format' '%m %w %h' '/tmp/dragonfly20170122-2707-kx3mk8'
D, [2017-01-22T20:39:44.581753 #2707] DEBUG -- : DRAGONFLY: shell command: 'identify' '-ping' '-format' '%m %w %h' '/tmp/dragonfly20170122-2707-wbs9kl'
D, [2017-01-22T20:39:57.540229 #2761] DEBUG -- : DRAGONFLY: shell command: 'identify' '-ping' '-format' '%m %w %h' '/tmp/dragonfly20170122-2761-1wp7q2h'
D, [2017-01-22T20:40:17.719202 #2761] DEBUG -- : DRAGONFLY: shell command: 'identify' '-ping' '-format' '%m %w %h' '/tmp/dragonfly20170122-2761-x83kx1'
D, [2017-01-22T20:41:24.495964 #2761] DEBUG -- : DRAGONFLY: shell command: 'identify' '-ping' '-format' '%m %w %h' '/tmp/dragonfly20170122-2761-1ogwk1k'
D, [2017-01-22T20:43:34.454643 #3230] DEBUG -- : DRAGONFLY: shell command: 'identify' '-ping' '-format' '%m %w %h' '/tmp/dragonfly20170122-3230-1k1db42'
D, [2017-01-22T20:49:58.255530 #3479] DEBUG -- : DRAGONFLY: shell command: 'identify' '-ping' '-format' '%m %w %h' '/tmp/dragonfly20170122-3479-1rjft4w'
D, [2017-01-22T20:54:11.576716 #3479] DEBUG -- : DRAGONFLY: shell command: 'identify' '-ping' '-format' '%m %w %h' '/tmp/dragonfly20170122-3479-19a8s7v'
D, [2017-01-22T20:54:56.417014 #13010] DEBUG -- : DRAGONFLY: shell command: 'identify' '-ping' '-format' '%m %w %h' '/tmp/dragonfly20170122-13010-132qn74'
D, [2017-01-22T20:59:27.306828 #13010] DEBUG -- : DRAGONFLY: shell command: 'identify' '-ping' '-format' '%m %w %h' '/tmp/dragonfly20170122-13010-t4xnhw'
D, [2017-01-22T21:01:41.245760 #13010] DEBUG -- : DRAGONFLY: shell command: 'identify' '-ping' '-format' '%m %w %h' '/tmp/dragonfly20170122-13010-1vlr82g'
D, [2017-01-22T21:09:57.848361 #16673] DEBUG -- : DRAGONFLY: shell command: 'identify' '-ping' '-format' '%m %w %h' '/tmp/dragonfly20170122-16673-dden91'
D, [2017-01-22T21:10:09.350322 #16673] DEBUG -- : DRAGONFLY: shell command: 'identify' '-ping' '-format' '%m %w %h' '/tmp/dragonfly20170122-16673-165jk8v'
D, [2017-01-22T21:18:29.151758 #16673] DEBUG -- : DRAGONFLY: shell command: 'identify' '-ping' '-format' '%m %w %h' '/tmp/dragonfly20170122-16673-1dwcd1t'
D, [2017-01-22T21:22:49.248679 #16673] DEBUG -- : DRAGONFLY: shell command: 'identify' '-ping' '-format' '%m %w %h' '/tmp/dragonfly20170122-16673-z34d3y'
D, [2017-01-22T21:24:19.528138 #16922] DEBUG -- : DRAGONFLY: shell command: 'identify' '-ping' '-format' '%m %w %h' '/tmp/dragonfly20170122-16922-1kyvw02'
D, [2017-01-22T21:49:31.691520 #17801] DEBUG -- : DRAGONFLY: shell command: 'identify' '-ping' '-format' '%m %w %h' '/tmp/dragonfly20170122-17801-17ffffh'
D, [2017-01-22T22:59:35.145795 #18601] DEBUG -- : DRAGONFLY: shell command: 'identify' '-ping' '-format' '%m %w %h' '/tmp/RackMultipart20170122-18601-12ptg2m.jpg'
D, [2017-01-22T22:59:35.162955 #18601] DEBUG -- : DRAGONFLY: shell command: 'convert' '/tmp/RackMultipart20170122-18601-12ptg2m.jpg' '-resize' '120x120^^' '-gravity' 'Center' '-crop' '120x120+0+0' '+repage' '/tmp/dragonfly20170122-18601-1am9nwr.jpg'
D, [2017-01-22T22:59:35.277960 #18601] DEBUG -- : DRAGONFLY: shell command: 'identify' '-ping' '-format' '%m %w %h' '/tmp/dragonfly20170122-18601-1am9nwr.jpg'
D, [2017-01-22T23:03:21.153537 #18601] DEBUG -- : DRAGONFLY: shell command: 'identify' '-ping' '-format' '%m %w %h' '/tmp/RackMultipart20170122-18601-1x3htsn.png'
D, [2017-01-22T23:03:21.158976 #18601] DEBUG -- : DRAGONFLY: shell command: 'convert' '/tmp/RackMultipart20170122-18601-1x3htsn.png' '-resize' '120x120^^' '-gravity' 'Center' '-crop' '120x120+0+0' '+repage' '/tmp/dragonfly20170122-18601-wakz61.png'
D, [2017-01-22T23:03:21.266885 #18601] DEBUG -- : DRAGONFLY: shell command: 'identify' '-ping' '-format' '%m %w %h' '/tmp/dragonfly20170122-18601-wakz61.png'
D, [2017-01-31T17:05:46.211009 #9816] DEBUG -- : DRAGONFLY: shell command: 'identify' '-ping' '-format' '%m %w %h' '/tmp/RackMultipart20170131-9816-91uqvb.jpeg'
D, [2017-01-31T17:05:46.223778 #9816] DEBUG -- : DRAGONFLY: shell command: 'convert' '/tmp/RackMultipart20170131-9816-91uqvb.jpeg' '-resize' '120x120^^' '-gravity' 'Center' '-crop' '120x120+0+0' '+repage' '/tmp/dragonfly20170131-9816-x21s0n.jpeg'
D, [2017-01-31T17:05:46.320714 #9816] DEBUG -- : DRAGONFLY: shell command: 'identify' '-ping' '-format' '%m %w %h' '/tmp/dragonfly20170131-9816-x21s0n.jpeg'
D, [2017-01-31T17:32:01.595452 #9816] DEBUG -- : DRAGONFLY: shell command: 'identify' '-ping' '-format' '%m %w %h' '/tmp/RackMultipart20170131-9816-1drmf6r.jpeg'
D, [2017-01-31T17:32:01.599048 #9816] DEBUG -- : DRAGONFLY: shell command: 'convert' '/tmp/RackMultipart20170131-9816-1drmf6r.jpeg' '-resize' '120x120^^' '-gravity' 'Center' '-crop' '120x120+0+0' '+repage' '/tmp/dragonfly20170131-9816-1o6p2gu.jpeg'
D, [2017-01-31T17:32:01.683845 #9816] DEBUG -- : DRAGONFLY: shell command: 'identify' '-ping' '-format' '%m %w %h' '/tmp/dragonfly20170131-9816-1o6p2gu.jpeg'
D, [2017-02-03T23:05:56.823247 #15417] DEBUG -- : DRAGONFLY: shell command: 'identify' '-ping' '-format' '%m %w %h' '/tmp/RackMultipart20170203-15417-1rz26yk.png'
D, [2017-02-03T23:05:56.834092 #15417] DEBUG -- : DRAGONFLY: shell command: 'convert' '/tmp/RackMultipart20170203-15417-1rz26yk.png' '-resize' '120x120^^' '-gravity' 'Center' '-crop' '120x120+0+0' '+repage' '/tmp/dragonfly20170203-15417-1w5t1se.png'
D, [2017-02-03T23:05:56.945985 #15417] DEBUG -- : DRAGONFLY: shell command: 'identify' '-ping' '-format' '%m %w %h' '/tmp/dragonfly20170203-15417-1w5t1se.png'
D, [2017-02-11T18:12:14.229636 #2453] DEBUG -- : DRAGONFLY: shell command: 'identify' '-ping' '-format' '%m %w %h' '/tmp/RackMultipart20170211-2453-1okexnn.jpg'
D, [2017-02-11T18:12:14.240659 #2453] DEBUG -- : DRAGONFLY: shell command: 'convert' '/tmp/RackMultipart20170211-2453-1okexnn.jpg' '-resize' '120x120^^' '-gravity' 'Center' '-crop' '120x120+0+0' '+repage' '/tmp/dragonfly20170211-2453-mv39cv.jpg'
D, [2017-02-11T18:12:14.334708 #2453] DEBUG -- : DRAGONFLY: shell command: 'identify' '-ping' '-format' '%m %w %h' '/tmp/dragonfly20170211-2453-mv39cv.jpg'
D, [2017-02-11T18:15:01.795149 #2453] DEBUG -- : DRAGONFLY: shell command: 'identify' '-ping' '-format' '%m %w %h' '/tmp/RackMultipart20170211-2453-132f279.jpg'
D, [2017-02-11T18:15:01.798598 #2453] DEBUG -- : DRAGONFLY: shell command: 'convert' '/tmp/RackMultipart20170211-2453-132f279.jpg' '-resize' '120x120^^' '-gravity' 'Center' '-crop' '120x120+0+0' '+repage' '/tmp/dragonfly20170211-2453-1tnnzuq.jpg'
D, [2017-02-11T18:15:01.919020 #2453] DEBUG -- : DRAGONFLY: shell command: 'identify' '-ping' '-format' '%m %w %h' '/tmp/dragonfly20170211-2453-1tnnzuq.jpg'
